<?xml version="1.0" encoding="UTF-8"?>
<!-- Generated by org.testng.reporters.JUnitReportReporter -->
<testsuite hostname="ASIA31064" failures="0" tests="4" name="gorest.CreateUpdateDeleteUser" time="4.259" errors="0" timestamp="2022-11-08T08:40:22 IST" skipped="0">
  <testcase classname="gorest.CreateUpdateDeleteUser" name="postData" time="0.276"/>
  <system-out/>
  <testcase classname="gorest.CreateUpdateDeleteUser" name="createUSer" time="2.246"/>
  <system-out/>
  <testcase classname="gorest.CreateUpdateDeleteUser" name="updateUser" time="1.034"/>
  <system-out/>
  <testcase classname="gorest.CreateUpdateDeleteUser" name="deleteUser" time="0.703"/>
  <system-out/>
</testsuite> <!-- gorest.CreateUpdateDeleteUser -->
