<?xml version="1.0" encoding="UTF-8"?>
<!-- Generated by org.testng.reporters.JUnitReportReporter -->
<testsuite hostname="ASIA31064" failures="0" tests="1" name="gorest.DeleteUser" time="1.881" errors="0" timestamp="2022-10-17T08:00:25 IST" skipped="0">
  <testcase classname="gorest.DeleteUser" name="deleteResource" time="1.881"/>
  <system-out/>
</testsuite> <!-- gorest.DeleteUser -->
