<?xml version="1.0" encoding="UTF-8"?>
<!-- Generated by org.testng.reporters.JUnitReportReporter -->
<testsuite hostname="ASIA31064" failures="0" tests="1" name="reqres.UpdateUser" time="2.032" errors="0" timestamp="2022-10-16T08:00:21 IST" skipped="0">
  <testcase classname="reqres.UpdateUser" name="updateResource" time="2.032"/>
  <system-out/>
</testsuite> <!-- reqres.UpdateUser -->
