<?xml version="1.0" encoding="UTF-8"?>
<!-- Generated by org.testng.reporters.JUnitReportReporter -->
<testsuite hostname="ASIA31064" failures="0" tests="1" name="restcountriesdemo.GetFewCountries" time="2.621" errors="0" timestamp="2022-11-06T20:40:41 IST" skipped="0">
  <testcase classname="restcountriesdemo.GetFewCountries" name="getNameofCountries" time="2.621"/>
  <system-out/>
</testsuite> <!-- restcountriesdemo.GetFewCountries -->
