<?xml version="1.0" encoding="UTF-8"?>
<!-- Generated by org.testng.reporters.JUnitReportReporter -->
<testsuite hostname="ASIA31064" failures="0" tests="1" name="gorest.UpdateUser" time="1.992" errors="0" timestamp="2022-10-16T08:31:57 IST" skipped="0">
  <testcase classname="gorest.UpdateUser" name="updateResource" time="1.992"/>
  <system-out/>
</testsuite> <!-- gorest.UpdateUser -->
