<?xml version="1.0" encoding="UTF-8"?>
<!-- Generated by org.testng.reporters.JUnitReportReporter -->
<testsuite hostname="ASIA31064" failures="0" tests="1" name="gorest.CreateUser" time="2.258" errors="0" timestamp="2022-10-17T08:29:14 IST" skipped="0">
  <testcase classname="gorest.CreateUser" name="CreateResource" time="2.258"/>
  <system-out/>
</testsuite> <!-- gorest.CreateUser -->
