<?xml version="1.0" encoding="UTF-8"?>
<!-- Generated by org.testng.reporters.JUnitReportReporter -->
<testsuite hostname="ASIA31064" failures="0" tests="1" name="log4j.Test2" time="0.007" errors="0" timestamp="2022-11-05T13:01:13 IST" skipped="0">
  <testcase classname="log4j.Test2" name="generateCustomizedLogs" time="0.007"/>
  <system-out/>
</testsuite> <!-- log4j.Test2 -->
