<?xml version="1.0" encoding="UTF-8"?>
<!-- Generated by org.testng.reporters.JUnitReportReporter -->
<testsuite hostname="ASIA31064" failures="0" tests="1" name="project.GetUserRestAssured" time="2.546" errors="0" timestamp="2022-11-08T10:43:10 IST" skipped="0">
  <testcase classname="project.GetUserRestAssured" name="getRequest" time="2.546"/>
  <system-out/>
</testsuite> <!-- project.GetUserRestAssured -->
