<?xml version="1.0" encoding="UTF-8"?>
<!-- Generated by org.testng.reporters.JUnitReportReporter -->
<testsuite hostname="ASIA31064" failures="0" tests="1" name="restcountriesdemo.GETAllCountries" time="2.976" errors="0" timestamp="2022-11-06T20:18:59 IST" skipped="0">
  <testcase classname="restcountriesdemo.GETAllCountries" name="getAllCountries" time="2.976"/>
  <system-out/>
</testsuite> <!-- restcountriesdemo.GETAllCountries -->
