<?xml version="1.0" encoding="UTF-8"?>
<!-- Generated by org.testng.reporters.JUnitReportReporter -->
<testsuite hostname="ASIA31064" failures="0" tests="1" name="OpenWeatherMap.GetWeatherUpdate" time="11.944" errors="0" timestamp="2022-10-18T08:55:37 IST" skipped="0">
  <testcase classname="OpenWeatherMap.GetWeatherUpdate" name="getData" time="11.944"/>
  <system-out/>
</testsuite> <!-- OpenWeatherMap.GetWeatherUpdate -->
