<?xml version="1.0" encoding="UTF-8"?>
<!-- Generated by org.testng.reporters.JUnitReportReporter -->
<testsuite hostname="ASIA31064" failures="0" tests="1" name="gorest.GetUser" time="2.273" errors="0" timestamp="2022-11-08T07:55:13 IST" skipped="0">
  <testcase classname="gorest.GetUser" name="getResource" time="2.273"/>
  <system-out/>
</testsuite> <!-- gorest.GetUser -->
