<?xml version="1.0" encoding="UTF-8"?>
<!-- Generated by org.testng.reporters.JUnitReportReporter -->
<testsuite hostname="ASIA31064" failures="0" tests="3" name="project.Log4jGetPost" time="4.267" errors="0" timestamp="2022-11-08T10:36:32 IST" skipped="0">
  <testcase classname="project.Log4jGetPost" name="postData" time="0.269"/>
  <system-out/>
  <testcase classname="project.Log4jGetPost" name="createUser" time="2.335"/>
  <system-out/>
  <testcase classname="project.Log4jGetPost" name="getUser" time="1.663"/>
  <system-out/>
</testsuite> <!-- project.Log4jGetPost -->
