<?xml version="1.0" encoding="UTF-8"?>
<!-- Generated by org.testng.reporters.JUnitReportReporter -->
<testsuite hostname="ASIA31064" failures="0" tests="1" name="reqres.CreateUser" time="2.043" errors="0" timestamp="2022-10-16T08:02:11 IST" skipped="0">
  <testcase classname="reqres.CreateUser" name="postData" time="2.043"/>
  <system-out/>
</testsuite> <!-- reqres.CreateUser -->
