<?xml version="1.0" encoding="UTF-8"?>
<!-- Generated by org.testng.reporters.JUnitReportReporter -->
<testsuite hostname="ASIA31064" failures="0" tests="1" name="restcountriesdemo.GETOneCountry" time="2.417" errors="0" timestamp="2022-10-15T22:48:34 IST" skipped="0">
  <testcase classname="restcountriesdemo.GETOneCountry" name="getCountry" time="2.417"/>
  <system-out/>
</testsuite> <!-- restcountriesdemo.GETOneCountry -->
